<?xml version="1.0" encoding="UTF-8"?>
<!-- Generated by org.testng.reporters.JUnitReportReporter -->
<testsuite skipped="6" hostname="ipomo-pc2" name="com.ipomo.test.Ipomorooms" tests="7" failures="0" timestamp="08 Nov 2017 13:33:45 GMT" time="0.062" errors="1">
  <testcase name="dimenstionTest" time="0.062" classname="com.ipomo.test.Ipomorooms">
    <error type="org.openqa.selenium.InvalidSelectorException" message="Argument was an invalid selector (e.g. XPath/CSS). (WARNING: The server did not provide any stacktrace information)
Command duration or timeout: 31 milliseconds
For documentation on this error, please visit: http://seleniumhq.org/exceptions/invalid_selector_exception.html
Build info: version: &#039;unknown&#039;, revision: &#039;unknown&#039;, time: &#039;unknown&#039;
System info: host: &#039;IPOMO-PC2&#039;, ip: &#039;192.168.88.24&#039;, os.name: &#039;Windows 8.1&#039;, os.arch: &#039;amd64&#039;, os.version: &#039;6.3&#039;, java.version: &#039;1.8.0_151&#039;
Driver info: org.openqa.selenium.remote.RemoteWebDriver
Capabilities [{appPackage=com.ipomo.room, deviceScreenSize=null, networkConnectionEnabled=true, noReset=true, warnings={}, databaseEnabled=false, version=4.2.2, fullReset=false, deviceName=QO3A07C00021, platform=LINUX, deviceUDID=QO3A07C00021, appActivity=com.ipomo.room.TWEEK, desired={appPackage=com.ipomo.room, appActivity=com.ipomo.room.TWEEK, noReset=true, platformName=Android, version=4.2.2, fullReset=false, deviceName=T00940X56X}, platformVersion=4.2.2, webStorageEnabled=false, locationContextEnabled=false, takesScreenshot=true, javascriptEnabled=true, deviceModel=C2305, platformName=Android, deviceManufacturer=Sony}]
Session ID: 5062eb13-3c2b-4fee-adb5-f3417d104dfd
*** Element info: {Using=xpath, value=//android.widget.RelativeLayout[@index = &#039;3&#039;]/android.widget.ImageView[index = &#039;2]}">
      <![CDATA[org.openqa.selenium.InvalidSelectorException: Argument was an invalid selector (e.g. XPath/CSS). (WARNING: The server did not provide any stacktrace information)
Command duration or timeout: 31 milliseconds
For documentation on this error, please visit: http://seleniumhq.org/exceptions/invalid_selector_exception.html
Build info: version: 'unknown', revision: 'unknown', time: 'unknown'
System info: host: 'IPOMO-PC2', ip: '192.168.88.24', os.name: 'Windows 8.1', os.arch: 'amd64', os.version: '6.3', java.version: '1.8.0_151'
Driver info: org.openqa.selenium.remote.RemoteWebDriver
Capabilities [{appPackage=com.ipomo.room, deviceScreenSize=null, networkConnectionEnabled=true, noReset=true, warnings={}, databaseEnabled=false, version=4.2.2, fullReset=false, deviceName=QO3A07C00021, platform=LINUX, deviceUDID=QO3A07C00021, appActivity=com.ipomo.room.TWEEK, desired={appPackage=com.ipomo.room, appActivity=com.ipomo.room.TWEEK, noReset=true, platformName=Android, version=4.2.2, fullReset=false, deviceName=T00940X56X}, platformVersion=4.2.2, webStorageEnabled=false, locationContextEnabled=false, takesScreenshot=true, javascriptEnabled=true, deviceModel=C2305, platformName=Android, deviceManufacturer=Sony}]
Session ID: 5062eb13-3c2b-4fee-adb5-f3417d104dfd
*** Element info: {Using=xpath, value=//android.widget.RelativeLayout[@index = '3']/android.widget.ImageView[index = '2]}
	at sun.reflect.NativeConstructorAccessorImpl.newInstance0(Native Method)
	at sun.reflect.NativeConstructorAccessorImpl.newInstance(Unknown Source)
	at sun.reflect.DelegatingConstructorAccessorImpl.newInstance(Unknown Source)
	at java.lang.reflect.Constructor.newInstance(Unknown Source)
	at org.openqa.selenium.remote.ErrorHandler.createThrowable(ErrorHandler.java:215)
	at org.openqa.selenium.remote.ErrorHandler.throwIfResponseFailed(ErrorHandler.java:167)
	at org.openqa.selenium.remote.RemoteWebDriver.execute(RemoteWebDriver.java:671)
	at org.openqa.selenium.remote.RemoteWebDriver.findElement(RemoteWebDriver.java:410)
	at org.openqa.selenium.remote.RemoteWebDriver.findElementByXPath(RemoteWebDriver.java:509)
	at org.openqa.selenium.By$ByXPath.findElement(By.java:361)
	at org.openqa.selenium.remote.RemoteWebDriver.findElement(RemoteWebDriver.java:402)
	at com.ipomo.test.Ipomorooms.dimenstionTest(Ipomorooms.java:153)
	at sun.reflect.NativeMethodAccessorImpl.invoke0(Native Method)
	at sun.reflect.NativeMethodAccessorImpl.invoke(Unknown Source)
	at sun.reflect.DelegatingMethodAccessorImpl.invoke(Unknown Source)
	at java.lang.reflect.Method.invoke(Unknown Source)
	at org.testng.internal.MethodInvocationHelper.invokeMethod(MethodInvocationHelper.java:108)
	at org.testng.internal.Invoker.invokeMethod(Invoker.java:669)
	at org.testng.internal.Invoker.invokeTestMethod(Invoker.java:877)
	at org.testng.internal.Invoker.invokeTestMethods(Invoker.java:1201)
	at org.testng.internal.TestMethodWorker.invokeTestMethods(TestMethodWorker.java:125)
	at org.testng.internal.TestMethodWorker.run(TestMethodWorker.java:109)
	at org.testng.TestRunner.privateRun(TestRunner.java:776)
	at org.testng.TestRunner.run(TestRunner.java:634)
	at org.testng.SuiteRunner.runTest(SuiteRunner.java:425)
	at org.testng.SuiteRunner.runSequentially(SuiteRunner.java:420)
	at org.testng.SuiteRunner.privateRun(SuiteRunner.java:385)
	at org.testng.SuiteRunner.run(SuiteRunner.java:334)
	at org.testng.SuiteRunnerWorker.runSuite(SuiteRunnerWorker.java:52)
	at org.testng.SuiteRunnerWorker.run(SuiteRunnerWorker.java:86)
	at org.testng.TestNG.runSuitesSequentially(TestNG.java:1318)
	at org.testng.TestNG.runSuitesLocally(TestNG.java:1243)
	at org.testng.TestNG.runSuites(TestNG.java:1161)
	at org.testng.TestNG.run(TestNG.java:1129)
	at org.testng.remote.AbstractRemoteTestNG.run(AbstractRemoteTestNG.java:114)
	at org.testng.remote.RemoteTestNG.initAndRun(RemoteTestNG.java:251)
	at org.testng.remote.RemoteTestNG.main(RemoteTestNG.java:77)
]]>
    </error>
  </testcase> <!-- dimenstionTest -->
  <testcase name="store" classname="com.ipomo.test.Ipomorooms">
    <skipped/>
  </testcase> <!-- store -->
  <testcase name="share" classname="com.ipomo.test.Ipomorooms">
    <skipped/>
  </testcase> <!-- share -->
  <testcase name="SearchTest" classname="com.ipomo.test.Ipomorooms">
    <skipped/>
  </testcase> <!-- SearchTest -->
  <testcase name="commenttext" classname="com.ipomo.test.Ipomorooms">
    <skipped/>
  </testcase> <!-- commenttext -->
  <testcase name="swipe" classname="com.ipomo.test.Ipomorooms">
    <skipped/>
  </testcase> <!-- swipe -->
  <testcase name="AboutIpomo" classname="com.ipomo.test.Ipomorooms">
    <skipped/>
  </testcase> <!-- AboutIpomo -->
</testsuite> <!-- com.ipomo.test.Ipomorooms -->
